[0.010s] Invoking command in '/home/weiwei/Desktop/project/path_planner/build/map': CMAKE_PREFIX_PATH=/home/weiwei/Desktop/project/path_planner/install/interface:/home/weiwei/Desktop/project/path_planner/install/path_planner:/opt/ros/foxy /usr/bin/cmake /home/weiwei/Desktop/project/path_planner/src/map -DCMAKE_INSTALL_PREFIX=/home/weiwei/Desktop/project/path_planner/install/map
[0.128s] -- The C compiler identification is GNU 9.4.0
[0.227s] -- The CXX compiler identification is GNU 9.4.0
[0.232s] -- Check for working C compiler: /usr/bin/cc
[0.283s] -- Check for working C compiler: /usr/bin/cc -- works
[0.284s] -- Detecting C compiler ABI info
[0.330s] -- Detecting C compiler ABI info - done
[0.337s] -- Detecting C compile features
[0.337s] -- Detecting C compile features - done
[0.339s] -- Check for working CXX compiler: /usr/bin/c++
[0.396s] -- Check for working CXX compiler: /usr/bin/c++ -- works
[0.396s] -- Detecting CXX compiler ABI info
[0.450s] -- Detecting CXX compiler ABI info - done
[0.457s] -- Detecting CXX compile features
[0.458s] -- Detecting CXX compile features - done
[0.466s] -- Found ament_cmake: 0.9.12 (/opt/ros/foxy/share/ament_cmake/cmake)
[0.484s] -- Found PythonInterp: /usr/bin/python3 (found suitable version "3.8.10", minimum required is "3") 
[0.484s] -- Using PYTHON_EXECUTABLE: /usr/bin/python3
[0.619s] -- Found rclcpp: 2.4.3 (/opt/ros/foxy/share/rclcpp/cmake)
[0.660s] -- Using all available rosidl_typesupport_c: rosidl_typesupport_fastrtps_c;rosidl_typesupport_introspection_c
[0.666s] -- Found rosidl_adapter: 1.3.1 (/opt/ros/foxy/share/rosidl_adapter/cmake)
[0.732s] -- Found OpenSSL: /usr/lib/x86_64-linux-gnu/libcrypto.so (found version "1.1.1f")  
[0.752s] -- Found FastRTPS: /opt/ros/foxy/include  
[0.811s] -- Using all available rosidl_typesupport_cpp: rosidl_typesupport_fastrtps_cpp;rosidl_typesupport_introspection_cpp
[0.853s] -- Found rmw_implementation_cmake: 1.0.4 (/opt/ros/foxy/share/rmw_implementation_cmake/cmake)
[0.854s] -- Using RMW implementation 'rmw_fastrtps_cpp' as default
[0.855s] -- Looking for pthread.h
[0.926s] -- Looking for pthread.h - found
[0.926s] -- Performing Test CMAKE_HAVE_LIBC_PTHREAD
[1.010s] -- Performing Test CMAKE_HAVE_LIBC_PTHREAD - Failed
[1.011s] -- Looking for pthread_create in pthreads
[1.055s] -- Looking for pthread_create in pthreads - not found
[1.055s] -- Looking for pthread_create in pthread
[1.129s] -- Looking for pthread_create in pthread - found
[1.130s] -- Found Threads: TRUE  
[1.236s] -- Found rclcpp_components: 2.4.3 (/opt/ros/foxy/share/rclcpp_components/cmake)
[1.277s] -- Found interface: 0.0.0 (/home/weiwei/Desktop/project/path_planner/install/interface/share/interface/cmake)
[1.436s] -- Found cv_bridge: 3.0.7 (/opt/ros/foxy/share/cv_bridge/cmake)
[1.455s] -- Found pcl_conversions: 2.2.1 (/opt/ros/foxy/share/pcl_conversions/cmake)
[1.570s] -- Checking for module 'eigen3'
[1.580s] --   Found eigen3, version 3.3.9
[1.607s] -- Found Eigen: /usr/include/eigen3 (Required is at least version "3.1") 
[1.607s] -- Eigen found (include: /usr/include/eigen3, version: 3.3.7)
[1.643s] -- Found Boost: /usr/include (found suitable version "1.71.0", minimum required is "1.55.0") found components: system filesystem date_time iostreams regex 
[1.654s] -- Checking for module 'flann'
[1.664s] --   Found flann, version 1.9.1
[1.698s] -- Found FLANN: /usr/lib/x86_64-linux-gnu/libflann_cpp.so  
[1.737s] -- The imported target "vtkParseOGLExt" references the file
[1.737s]    "/usr/bin/vtkParseOGLExt-7.1"
[1.737s] but this file does not exist.  Possible reasons include:
[1.737s] * The file was deleted, renamed, or moved to another location.
[1.737s] * An install or uninstall procedure did not complete successfully.
[1.737s] * The installation package was faulty and contained
[1.738s]    "/usr/lib/cmake/vtk-7.1/VTKTargets.cmake"
[1.738s] but not all the files it references.
[1.738s] 
[1.738s] -- The imported target "vtkRenderingPythonTkWidgets" references the file
[1.738s]    "/usr/lib/x86_64-linux-gnu/libvtkRenderingPythonTkWidgets.so"
[1.738s] but this file does not exist.  Possible reasons include:
[1.738s] * The file was deleted, renamed, or moved to another location.
[1.738s] * An install or uninstall procedure did not complete successfully.
[1.738s] * The installation package was faulty and contained
[1.738s]    "/usr/lib/cmake/vtk-7.1/VTKTargets.cmake"
[1.738s] but not all the files it references.
[1.738s] 
[1.738s] -- The imported target "vtk" references the file
[1.739s]    "/usr/bin/vtk"
[1.739s] but this file does not exist.  Possible reasons include:
[1.739s] * The file was deleted, renamed, or moved to another location.
[1.739s] * An install or uninstall procedure did not complete successfully.
[1.739s] * The installation package was faulty and contained
[1.739s]    "/usr/lib/cmake/vtk-7.1/VTKTargets.cmake"
[1.739s] but not all the files it references.
[1.739s] 
[1.739s] -- The imported target "pvtk" references the file
[1.739s]    "/usr/bin/pvtk"
[1.739s] but this file does not exist.  Possible reasons include:
[1.739s] * The file was deleted, renamed, or moved to another location.
[1.739s] * An install or uninstall procedure did not complete successfully.
[1.739s] * The installation package was faulty and contained
[1.739s]    "/usr/lib/cmake/vtk-7.1/VTKTargets.cmake"
[1.739s] but not all the files it references.
[1.739s] 
[1.757s] -- Checking for module 'libusb-1.0'
[1.767s] --   Found libusb-1.0, version 1.0.23
[1.793s] -- Found USB_10: /usr/lib/x86_64-linux-gnu/libusb-1.0.so  
[1.829s] -- Found OpenNI: /usr/lib/libOpenNI.so  
[1.829s] -- OpenNI found (include: /usr/include/ni, lib: /usr/lib/libOpenNI.so)
[1.869s] -- Found OpenNI2: /usr/lib/libOpenNI2.so  
[1.869s] -- OpenNI2 found (include: /usr/include/openni2, lib: /usr/lib/libOpenNI2.so)
[1.869s] ** WARNING ** io features related to pcap will be disabled
[1.869s] ** WARNING ** io features related to png will be disabled
[1.878s] -- Found libusb-1.0: /usr/include  
[1.878s] ** WARNING ** io features related to libusb-1.0 will be disabled
[1.882s] -- OpenNI found (include: /usr/include/ni, lib: /usr/lib/libOpenNI.so)
[1.886s] -- OpenNI2 found (include: /usr/include/openni2, lib: /usr/lib/libOpenNI2.so)
[1.904s] -- Found Qhull: optimized;/usr/lib/x86_64-linux-gnu/libqhull.so;debug;/usr/lib/x86_64-linux-gnu/libqhull.so  
[1.904s] -- QHULL found (include: /usr/include, lib: optimized;/usr/lib/x86_64-linux-gnu/libqhull.so;debug;/usr/lib/x86_64-linux-gnu/libqhull.so)
[1.908s] -- OpenNI found (include: /usr/include/ni, lib: /usr/lib/libOpenNI.so)
[1.916s] -- looking for PCL_COMMON
[1.917s] -- Found PCL_COMMON: /usr/lib/x86_64-linux-gnu/libpcl_common.so  
[1.917s] -- looking for PCL_KDTREE
[1.918s] -- Found PCL_KDTREE: /usr/lib/x86_64-linux-gnu/libpcl_kdtree.so  
[1.918s] -- looking for PCL_OCTREE
[1.919s] -- Found PCL_OCTREE: /usr/lib/x86_64-linux-gnu/libpcl_octree.so  
[1.919s] -- looking for PCL_SEARCH
[1.920s] -- Found PCL_SEARCH: /usr/lib/x86_64-linux-gnu/libpcl_search.so  
[1.920s] -- looking for PCL_SAMPLE_CONSENSUS
[1.921s] -- Found PCL_SAMPLE_CONSENSUS: /usr/lib/x86_64-linux-gnu/libpcl_sample_consensus.so  
[1.921s] -- looking for PCL_FILTERS
[1.922s] -- Found PCL_FILTERS: /usr/lib/x86_64-linux-gnu/libpcl_filters.so  
[1.922s] -- looking for PCL_2D
[1.922s] -- Found PCL_2D: /usr/include/pcl-1.10  
[1.922s] -- looking for PCL_GEOMETRY
[1.922s] -- Found PCL_GEOMETRY: /usr/include/pcl-1.10  
[1.922s] -- looking for PCL_IO
[1.923s] -- Found PCL_IO: /usr/lib/x86_64-linux-gnu/libpcl_io.so  
[1.923s] -- looking for PCL_FEATURES
[1.924s] -- Found PCL_FEATURES: /usr/lib/x86_64-linux-gnu/libpcl_features.so  
[1.924s] -- looking for PCL_ML
[1.925s] -- Found PCL_ML: /usr/lib/x86_64-linux-gnu/libpcl_ml.so  
[1.925s] -- looking for PCL_SEGMENTATION
[1.926s] -- Found PCL_SEGMENTATION: /usr/lib/x86_64-linux-gnu/libpcl_segmentation.so  
[1.926s] -- looking for PCL_VISUALIZATION
[1.927s] -- Found PCL_VISUALIZATION: /usr/lib/x86_64-linux-gnu/libpcl_visualization.so  
[1.927s] -- looking for PCL_SURFACE
[1.928s] -- Found PCL_SURFACE: /usr/lib/x86_64-linux-gnu/libpcl_surface.so  
[1.928s] -- looking for PCL_REGISTRATION
[1.929s] -- Found PCL_REGISTRATION: /usr/lib/x86_64-linux-gnu/libpcl_registration.so  
[1.929s] -- looking for PCL_KEYPOINTS
[1.930s] -- Found PCL_KEYPOINTS: /usr/lib/x86_64-linux-gnu/libpcl_keypoints.so  
[1.930s] -- looking for PCL_TRACKING
[1.931s] -- Found PCL_TRACKING: /usr/lib/x86_64-linux-gnu/libpcl_tracking.so  
[1.931s] -- looking for PCL_RECOGNITION
[1.932s] -- Found PCL_RECOGNITION: /usr/lib/x86_64-linux-gnu/libpcl_recognition.so  
[1.932s] -- looking for PCL_STEREO
[1.933s] -- Found PCL_STEREO: /usr/lib/x86_64-linux-gnu/libpcl_stereo.so  
[1.933s] -- looking for PCL_APPS
[1.934s] -- Found PCL_APPS: /usr/lib/x86_64-linux-gnu/libpcl_apps.so  
[1.934s] -- looking for PCL_IN_HAND_SCANNER
[1.935s] -- Found PCL_IN_HAND_SCANNER: /usr/include/pcl-1.10  
[1.935s] -- looking for PCL_POINT_CLOUD_EDITOR
[1.935s] -- Found PCL_POINT_CLOUD_EDITOR: /usr/include/pcl-1.10  
[1.935s] -- looking for PCL_OUTOFCORE
[1.936s] -- Found PCL_OUTOFCORE: /usr/lib/x86_64-linux-gnu/libpcl_outofcore.so  
[1.936s] -- looking for PCL_PEOPLE
[1.937s] -- Found PCL_PEOPLE: /usr/lib/x86_64-linux-gnu/libpcl_people.so  
[1.938s] -- Found PCL: pcl_common;pcl_kdtree;pcl_octree;pcl_search;pcl_sample_consensus;pcl_filters;pcl_io;pcl_features;pcl_ml;pcl_segmentation;pcl_visualization;pcl_surface;pcl_registration;pcl_keypoints;pcl_tracking;pcl_recognition;pcl_stereo;pcl_apps;pcl_outofcore;pcl_people;/usr/lib/x86_64-linux-gnu/libboost_system.so;/usr/lib/x86_64-linux-gnu/libboost_filesystem.so;/usr/lib/x86_64-linux-gnu/libboost_date_time.so;/usr/lib/x86_64-linux-gnu/libboost_iostreams.so;/usr/lib/x86_64-linux-gnu/libboost_regex.so;optimized;/usr/lib/x86_64-linux-gnu/libqhull.so;debug;/usr/lib/x86_64-linux-gnu/libqhull.so;/usr/lib/libOpenNI.so;/usr/lib/libOpenNI2.so;vtkChartsCore;vtkCommonColor;vtkCommonCore;vtksys;vtkCommonDataModel;vtkCommonMath;vtkCommonMisc;vtkCommonSystem;vtkCommonTransforms;vtkCommonExecutionModel;vtkFiltersGeneral;vtkCommonComputationalGeometry;vtkFiltersCore;vtkInfovisCore;vtkFiltersExtraction;vtkFiltersStatistics;vtkImagingFourier;vtkImagingCore;vtkalglib;vtkRenderingContext2D;vtkRenderingCore;vtkFiltersGeometry;vtkFiltersSources;vtkRenderingFreeType;/usr/lib/x86_64-linux-gnu/libfreetype.so;/usr/lib/x86_64-linux-gnu/libz.so;vtkFiltersModeling;vtkImagingSources;vtkInteractionStyle;vtkInteractionWidgets;vtkFiltersHybrid;vtkImagingColor;vtkImagingGeneral;vtkImagingHybrid;vtkIOImage;vtkDICOMParser;vtkmetaio;/usr/lib/x86_64-linux-gnu/libjpeg.so;/usr/lib/x86_64-linux-gnu/libpng.so;/usr/lib/x86_64-linux-gnu/libtiff.so;vtkRenderingAnnotation;vtkRenderingVolume;vtkIOXML;vtkIOCore;vtkIOXMLParser;/usr/lib/x86_64-linux-gnu/libexpat.so;vtkIOGeometry;vtkIOLegacy;vtkIOPLY;vtkRenderingLOD;vtkViewsContext2D;vtkViewsCore;vtkRenderingContextOpenGL2;vtkRenderingOpenGL2;FLANN::FLANN  
[1.941s] -- Found OpenCV: /usr (found version "4.2.0") 
[1.943s] -- Found visualization_msgs: 2.0.5 (/opt/ros/foxy/share/visualization_msgs/cmake)
[1.989s] -- Found ament_lint_auto: 0.9.8 (/opt/ros/foxy/share/ament_lint_auto/cmake)
[2.085s] -- Added test 'copyright' to check source files copyright and LICENSE
[2.086s] -- Added test 'cppcheck' to perform static code analysis on C / C++ code
[2.087s] -- Configured cppcheck include dirs: 
[2.087s] -- Configured cppcheck exclude dirs and/or files: 
[2.087s] -- Added test 'cpplint' to check C / C++ code against the Google style
[2.088s] -- Configured cpplint exclude dirs and/or files: 
[2.088s] -- Added test 'lint_cmake' to check CMake code style
[2.089s] -- Added test 'uncrustify' to check C / C++ code style
[2.089s] -- Configured uncrustify additional arguments: 
[2.090s] -- Added test 'xmllint' to check XML markup files
[2.092s] -- Configuring done
[2.167s] -- Generating done
[2.168s] -- Build files have been written to: /home/weiwei/Desktop/project/path_planner/build/map
[2.181s] Invoked command in '/home/weiwei/Desktop/project/path_planner/build/map' returned '0': CMAKE_PREFIX_PATH=/home/weiwei/Desktop/project/path_planner/install/interface:/home/weiwei/Desktop/project/path_planner/install/path_planner:/opt/ros/foxy /usr/bin/cmake /home/weiwei/Desktop/project/path_planner/src/map -DCMAKE_INSTALL_PREFIX=/home/weiwei/Desktop/project/path_planner/install/map
[2.183s] Invoking command in '/home/weiwei/Desktop/project/path_planner/build/map': CMAKE_PREFIX_PATH=/home/weiwei/Desktop/project/path_planner/install/interface:/home/weiwei/Desktop/project/path_planner/install/path_planner:/opt/ros/foxy /usr/bin/cmake --build /home/weiwei/Desktop/project/path_planner/build/map -- -j16 -l16
[2.216s] [35m[1mScanning dependencies of target map_node[0m
[2.350s] [ 33%] [32mBuilding CXX object CMakeFiles/map_node.dir/src/main.cpp.o[0m
[2.352s] [ 66%] [32mBuilding CXX object CMakeFiles/map_node.dir/src/map_node.cpp.o[0m
[2.503s] In file included from [01m[K/home/weiwei/Desktop/project/path_planner/src/map/src/map_node.cpp:1[m[K:
[2.504s] [01m[K/home/weiwei/Desktop/project/path_planner/src/map/src/map_node.hpp:7:10:[m[K [01;31m[Kfatal error: [m[Kinterface/srv/enable_follow.hpp: Ê≤°ÊúâÈÇ£‰∏™Êñá‰ª∂ÊàñÁõÆÂΩï
[2.504s]     7 | #include [01;31m[K"interface/srv/enable_follow.hpp"[m[K
[2.504s]       |          [01;31m[K^~~~~~~~~~~~~~~~~~~~~~~~~~~~~~~~~[m[K
[2.504s] compilation terminated.
[2.507s] In file included from [01m[K/home/weiwei/Desktop/project/path_planner/src/map/src/main.cpp:1[m[K:
[2.507s] [01m[K/home/weiwei/Desktop/project/path_planner/src/map/src/map_node.hpp:7:10:[m[K [01;31m[Kfatal error: [m[Kinterface/srv/enable_follow.hpp: Ê≤°ÊúâÈÇ£‰∏™Êñá‰ª∂ÊàñÁõÆÂΩï
[2.507s]     7 | #include [01;31m[K"interface/srv/enable_follow.hpp"[m[K
[2.507s]       |          [01;31m[K^~~~~~~~~~~~~~~~~~~~~~~~~~~~~~~~~[m[K
[2.507s] make[2]: *** [CMakeFiles/map_node.dir/build.make:76ÔºöCMakeFiles/map_node.dir/src/map_node.cpp.o] ÈîôËØØ 1
[2.507s] compilation terminated.
[2.507s] make[2]: *** Ê≠£Âú®Á≠âÂæÖÊú™ÂÆåÊàêÁöÑ‰ªªÂä°....
[2.509s] make[2]: *** [CMakeFiles/map_node.dir/build.make:63ÔºöCMakeFiles/map_node.dir/src/main.cpp.o] ÈîôËØØ 1
[2.510s] make[1]: *** [CMakeFiles/Makefile2:78ÔºöCMakeFiles/map_node.dir/all] ÈîôËØØ 2
[2.510s] make: *** [Makefile:141Ôºöall] ÈîôËØØ 2
[2.513s] Invoked command in '/home/weiwei/Desktop/project/path_planner/build/map' returned '2': CMAKE_PREFIX_PATH=/home/weiwei/Desktop/project/path_planner/install/interface:/home/weiwei/Desktop/project/path_planner/install/path_planner:/opt/ros/foxy /usr/bin/cmake --build /home/weiwei/Desktop/project/path_planner/build/map -- -j16 -l16
